{
  message: 'Database connected',
  level: 'info',
  label: 'OU',
  timestamp: '2023-06-03T05:03:11.443Z'
}
{
  message: 'Example app listening on port 5000',
  level: 'info',
  label: 'OU',
  timestamp: '2023-06-03T05:03:11.447Z'
}
{
  message: 'Database connected',
  level: 'info',
  label: 'OU',
  timestamp: '2023-06-03T05:06:44.239Z'
}
{
  message: 'Example app listening on port 5000',
  level: 'info',
  label: 'OU',
  timestamp: '2023-06-03T05:06:44.244Z'
}
{
  message: 'Database connected',
  level: 'info',
  label: 'OU',
  timestamp: '2023-06-03T05:11:44.703Z'
}
{
  message: 'Example app listening on port 5000',
  level: 'info',
  label: 'OU',
  timestamp: '2023-06-03T05:11:44.713Z'
}
{
  message: 'Database connected',
  level: 'info',
  label: 'OU',
  timestamp: '2023-06-03T05:13:34.889Z'
}
{
  message: 'Example app listening on port 5000',
  level: 'info',
  label: 'OU',
  timestamp: '2023-06-03T05:13:34.908Z'
}
{
  message: 'Database connected',
  level: 'info',
  label: 'OU',
  timestamp: '2023-06-03T05:15:55.286Z'
}
{
  message: 'Example app listening on port 5000',
  level: 'info',
  label: 'OU',
  timestamp: '2023-06-03T05:15:55.290Z'
}
{
  message: 'Database connected',
  level: 'info',
  label: 'OU',
  timestamp: '2023-06-03T05:20:47.547Z'
}
{
  message: 'Example app listening on port 5000',
  level: 'info',
  label: 'OU',
  timestamp: '2023-06-03T05:20:47.564Z'
}
{
  message: 'Database connected',
  level: 'info',
  label: 'OU',
  timestamp: '2023-06-03T05:21:28.359Z'
}
{
  message: 'Example app listening on port 5000',
  level: 'info',
  label: 'OU',
  timestamp: '2023-06-03T05:21:28.376Z'
}
{
  message: 'Database connected',
  level: 'info',
  label: 'OU',
  timestamp: '2023-06-03T05:22:40.586Z'
}
{
  message: 'Example app listening on port 5000',
  level: 'info',
  label: 'OU',
  timestamp: '2023-06-03T05:22:40.605Z'
}
{
  message: 'Database connected',
  level: 'info',
  label: 'OU',
  timestamp: '2023-06-03T05:24:11.183Z'
}
{
  message: 'Example app listening on port 5000',
  level: 'info',
  label: 'OU',
  timestamp: '2023-06-03T05:24:11.202Z'
}
{
  message: 'Database connected',
  level: 'info',
  label: 'OU',
  timestamp: '2023-06-03T05:29:49.591Z'
}
{
  message: 'Example app listening on port 5000',
  level: 'info',
  label: 'OU',
  timestamp: '2023-06-03T05:29:49.608Z'
}
{
  message: 'Database connected',
  level: 'info',
  label: 'OU',
  timestamp: '2023-06-03T05:31:37.859Z'
}
{
  message: 'Example app listening on port 5000',
  level: 'info',
  label: 'OU',
  timestamp: '2023-06-03T05:31:37.877Z'
}
