{
  message: 'Database connected',
  level: 'info',
  label: 'OU',
  timestamp: '2023-06-03T04:32:04.474Z'
}
{
  message: 'Example app listening on port 5000',
  level: 'info',
  label: 'OU',
  timestamp: '2023-06-03T04:32:04.486Z'
}
{
  message: 'Database connected',
  level: 'info',
  label: 'OU',
  timestamp: '2023-06-03T04:32:21.763Z'
}
{
  message: 'Example app listening on port 5000',
  level: 'info',
  label: 'OU',
  timestamp: '2023-06-03T04:32:21.768Z'
}
{
  message: 'Database connected',
  level: 'info',
  label: 'OU',
  timestamp: '2023-06-03T04:35:10.500Z'
}
{
  message: 'Example app listening on port 5000',
  level: 'info',
  label: 'OU',
  timestamp: '2023-06-03T04:35:10.504Z'
}
{
  message: 'Database connected',
  level: 'info',
  label: 'OU',
  timestamp: '2023-06-03T04:36:49.212Z'
}
{
  message: 'Example app listening on port 5000',
  level: 'info',
  label: 'OU',
  timestamp: '2023-06-03T04:36:49.231Z'
}
{
  message: 'Database connected',
  level: 'info',
  label: 'OU',
  timestamp: '2023-06-03T04:37:33.438Z'
}
{
  message: 'Example app listening on port 5000',
  level: 'info',
  label: 'OU',
  timestamp: '2023-06-03T04:37:33.443Z'
}
{
  message: 'Database connected',
  level: 'info',
  label: 'OU',
  timestamp: '2023-06-03T04:46:11.291Z'
}
{
  message: 'Example app listening on port 5000',
  level: 'info',
  label: 'OU',
  timestamp: '2023-06-03T04:46:11.309Z'
}
{
  message: 'Database connected',
  level: 'info',
  label: 'OU',
  timestamp: '2023-06-03T04:50:07.344Z'
}
{
  message: 'Example app listening on port 5000',
  level: 'info',
  label: 'OU',
  timestamp: '2023-06-03T04:50:07.348Z'
}
{
  message: 'Database connected',
  level: 'info',
  label: 'OU',
  timestamp: '2023-06-03T04:50:50.457Z'
}
{
  message: 'Example app listening on port 5000',
  level: 'info',
  label: 'OU',
  timestamp: '2023-06-03T04:50:50.477Z'
}
{
  message: 'Database connected',
  level: 'info',
  label: 'OU',
  timestamp: '2023-06-03T04:53:11.584Z'
}
{
  message: 'Example app listening on port 5000',
  level: 'info',
  label: 'OU',
  timestamp: '2023-06-03T04:53:11.601Z'
}
{
  message: 'Database connected',
  level: 'info',
  label: 'OU',
  timestamp: '2023-06-03T04:54:06.166Z'
}
{
  message: 'Example app listening on port 5000',
  level: 'info',
  label: 'OU',
  timestamp: '2023-06-03T04:54:06.175Z'
}
