Fri Jun 09 2023 9:25:35 } [PH] info: Database connected
Fri Jun 09 2023 9:25:35 } [PH] info: Example app listening on port 5000
Fri Jun 09 2023 9:26:53 } [PH] info: SIGTERM is received
Fri Jun 09 2023 9:27:5 } [PH] info: Database connected
Fri Jun 09 2023 9:27:5 } [PH] info: Example app listening on port 5000
Fri Jun 09 2023 9:28:21 } [PH] info: Database connected
Fri Jun 09 2023 9:28:21 } [PH] info: Example app listening on port 5000
Fri Jun 09 2023 9:28:50 } [PH] info: SIGTERM is received
Fri Jun 09 2023 9:28:57 } [PH] info: Database connected
Fri Jun 09 2023 9:28:57 } [PH] info: Example app listening on port 5000
Fri Jun 09 2023 9:29:58 } [PH] info: SIGTERM is received
Fri Jun 09 2023 9:30:10 } [PH] info: Database connected
Fri Jun 09 2023 9:30:10 } [PH] info: Example app listening on port 5000
Fri Jun 09 2023 9:30:21 } [PH] info: SIGTERM is received
Fri Jun 09 2023 9:30:26 } [PH] info: Database connected
Fri Jun 09 2023 9:30:27 } [PH] info: Example app listening on port 5000
Fri Jun 09 2023 9:30:34 } [PH] info: SIGTERM is received
Fri Jun 09 2023 9:30:39 } [PH] info: Database connected
Fri Jun 09 2023 9:30:39 } [PH] info: Example app listening on port 5000
Fri Jun 09 2023 9:33:3 } [PH] info: 🛢   Database is connected successfully
Fri Jun 09 2023 9:33:3 } [PH] info: Application  listening on port 5000
Fri Jun 09 2023 9:33:48 } [PH] info: 🛢   Database is connected successfully
Fri Jun 09 2023 9:33:48 } [PH] info: Application  listening on port 5000
Fri Jun 09 2023 9:35:4 } [PH] info: 🛢   Database is connected successfully
Fri Jun 09 2023 9:35:4 } [PH] info: Application  listening on port 5000
Fri Jun 09 2023 9:36:34 } [PH] info: 🛢   Database is connected successfully
Fri Jun 09 2023 9:36:34 } [PH] info: Application  listening on port 5000
Fri Jun 09 2023 9:41:58 } [PH] info: 🛢   Database is connected successfully
Fri Jun 09 2023 9:41:58 } [PH] info: Application  listening on port 5000
Fri Jun 09 2023 9:43:35 } [PH] info: 🛢   Database is connected successfully
Fri Jun 09 2023 9:43:35 } [PH] info: Application  listening on port 5000
Fri Jun 09 2023 9:46:13 } [PH] info: 🛢   Database is connected successfully
Fri Jun 09 2023 9:46:13 } [PH] info: Application  listening on port 5000
Fri Jun 09 2023 9:47:47 } [PH] info: 🛢   Database is connected successfully
Fri Jun 09 2023 9:47:47 } [PH] info: Application  listening on port 5000
Fri Jun 09 2023 9:47:55 } [PH] info: SIGTERM is received
Fri Jun 09 2023 9:50:25 } [PH] info: 🛢   Database is connected successfully
Fri Jun 09 2023 9:50:25 } [PH] info: Application  listening on port 5000
Fri Jun 09 2023 9:53:8 } [PH] info: 🛢   Database is connected successfully
Fri Jun 09 2023 9:53:8 } [PH] info: Application  listening on port 5000
Fri Jun 09 2023 9:53:17 } [PH] info: SIGTERM is received
Fri Jun 09 2023 9:59:3 } [PH] info: 🛢   Database is connected successfully
Fri Jun 09 2023 9:59:3 } [PH] info: Application  listening on port 5000
